TN:
SF:C:\Users\coren\iCloudDrive\FIPA2A\Test\Git\tp-jest\src\interval.js
FN:2,(anonymous_0)
FN:7,(anonymous_1)
FN:25,(anonymous_2)
FN:45,(anonymous_3)
FN:65,(anonymous_4)
FN:115,(anonymous_5)
FN:171,(anonymous_6)
FNF:7
FNH:5
FNDA:30,(anonymous_0)
FNDA:0,(anonymous_1)
FNDA:2,(anonymous_2)
FNDA:2,(anonymous_3)
FNDA:4,(anonymous_4)
FNDA:5,(anonymous_5)
FNDA:0,(anonymous_6)
DA:3,30
DA:4,30
DA:8,0
DA:26,2
DA:46,2
DA:66,4
DA:67,4
DA:69,4
DA:71,1
DA:73,3
DA:75,1
DA:78,2
DA:80,1
DA:84,1
DA:87,2
DA:89,2
DA:93,0
DA:96,2
DA:117,5
DA:118,5
DA:120,5
DA:122,2
DA:123,2
DA:125,7
DA:127,1
DA:129,6
DA:132,3
DA:134,2
DA:136,2
DA:138,16
DA:140,1
DA:142,15
DA:146,5
DA:148,1
DA:151,4
DA:176,1
LF:36
LH:34
BRDA:26,0,0,2
BRDA:26,0,1,1
BRDA:46,1,0,2
BRDA:46,1,1,2
BRDA:69,2,0,1
BRDA:69,2,1,3
BRDA:73,3,0,1
BRDA:73,3,1,2
BRDA:78,4,0,1
BRDA:78,4,1,1
BRDA:87,5,0,2
BRDA:87,5,1,0
BRDA:120,6,0,2
BRDA:120,6,1,3
BRDA:120,7,0,5
BRDA:120,7,1,5
BRDA:125,8,0,1
BRDA:125,8,1,6
BRDA:132,9,0,2
BRDA:132,9,1,1
BRDA:132,10,0,3
BRDA:132,10,1,2
BRDA:138,11,0,1
BRDA:138,11,1,15
BRDA:146,12,0,1
BRDA:146,12,1,4
BRF:26
BRH:25
end_of_record
TN:
SF:C:\Users\coren\iCloudDrive\FIPA2A\Test\Git\tp-jest\src\math.js
FN:2,(anonymous_0)
FN:26,(anonymous_1)
FN:49,(anonymous_2)
FN:76,(anonymous_3)
FN:106,(anonymous_4)
FN:137,(anonymous_5)
FNF:6
FNH:5
FNDA:11,(anonymous_0)
FNDA:14,(anonymous_1)
FNDA:1,(anonymous_2)
FNDA:1,(anonymous_3)
FNDA:1,(anonymous_4)
FNDA:0,(anonymous_5)
DA:1,1
DA:2,1
DA:3,11
DA:4,3
DA:7,8
DA:8,1
DA:11,7
DA:12,1
DA:15,6
DA:26,1
DA:27,14
DA:28,2
DA:30,12
DA:31,1
DA:33,11
DA:34,80
DA:35,7
DA:49,1
DA:51,1
DA:53,1
DA:55,5
DA:57,3
DA:61,1
DA:76,1
DA:78,1
DA:80,1
DA:82,15
DA:83,1
DA:84,14
DA:85,4
DA:86,10
DA:87,2
DA:89,8
DA:94,1
DA:106,1
DA:108,1
DA:110,1
DA:112,13
DA:114,12
DA:118,1
DA:122,1
DA:137,1
DA:144,1
LF:43
LH:43
BRDA:3,0,0,3
BRDA:3,0,1,8
BRDA:7,1,0,1
BRDA:7,1,1,7
BRDA:11,2,0,1
BRDA:11,2,1,6
BRDA:27,3,0,2
BRDA:27,3,1,12
BRDA:27,4,0,14
BRDA:27,4,1,13
BRDA:30,5,0,1
BRDA:30,5,1,11
BRDA:34,6,0,4
BRDA:34,6,1,76
BRDA:55,7,0,3
BRDA:55,7,1,2
BRDA:82,8,0,1
BRDA:82,8,1,14
BRDA:82,9,0,15
BRDA:82,9,1,5
BRDA:84,10,0,4
BRDA:84,10,1,10
BRDA:86,11,0,2
BRDA:86,11,1,8
BRDA:112,12,0,12
BRDA:112,12,1,1
BRF:26
BRH:26
end_of_record
