{"C:\\Users\\coren\\iCloudDrive\\FIPA2A\\Test\\Git\\tp-jest\\src\\interval.js": {"path":"C:\\Users\\coren\\iCloudDrive\\FIPA2A\\Test\\Git\\tp-jest\\src\\interval.js","statementMap":{"0":{"start":{"line":3,"column":8},"end":{"line":3,"column":27}},"1":{"start":{"line":4,"column":8},"end":{"line":4,"column":22}},"2":{"start":{"line":8,"column":8},"end":{"line":8,"column":55}},"3":{"start":{"line":26,"column":8},"end":{"line":26,"column":70}},"4":{"start":{"line":46,"column":8},"end":{"line":46,"column":70}},"5":{"start":{"line":66,"column":20},"end":{"line":66,"column":30}},"6":{"start":{"line":67,"column":18},"end":{"line":67,"column":26}},"7":{"start":{"line":69,"column":8},"end":{"line":76,"column":9}},"8":{"start":{"line":71,"column":12},"end":{"line":71,"column":36}},"9":{"start":{"line":73,"column":13},"end":{"line":76,"column":9}},"10":{"start":{"line":75,"column":12},"end":{"line":75,"column":34}},"11":{"start":{"line":78,"column":8},"end":{"line":85,"column":9}},"12":{"start":{"line":80,"column":12},"end":{"line":80,"column":30}},"13":{"start":{"line":84,"column":12},"end":{"line":84,"column":34}},"14":{"start":{"line":87,"column":8},"end":{"line":94,"column":9}},"15":{"start":{"line":89,"column":12},"end":{"line":89,"column":26}},"16":{"start":{"line":93,"column":12},"end":{"line":93,"column":30}},"17":{"start":{"line":96,"column":8},"end":{"line":96,"column":39}},"18":{"start":{"line":117,"column":20},"end":{"line":117,"column":24}},"19":{"start":{"line":118,"column":18},"end":{"line":118,"column":22}},"20":{"start":{"line":120,"column":8},"end":{"line":144,"column":9}},"21":{"start":{"line":122,"column":12},"end":{"line":122,"column":35}},"22":{"start":{"line":123,"column":12},"end":{"line":130,"column":13}},"23":{"start":{"line":123,"column":24},"end":{"line":123,"column":29}},"24":{"start":{"line":125,"column":16},"end":{"line":128,"column":17}},"25":{"start":{"line":127,"column":20},"end":{"line":127,"column":26}},"26":{"start":{"line":129,"column":16},"end":{"line":129,"column":24}},"27":{"start":{"line":132,"column":13},"end":{"line":144,"column":9}},"28":{"start":{"line":134,"column":12},"end":{"line":134,"column":31}},"29":{"start":{"line":136,"column":12},"end":{"line":143,"column":13}},"30":{"start":{"line":136,"column":22},"end":{"line":136,"column":23}},"31":{"start":{"line":138,"column":16},"end":{"line":141,"column":17}},"32":{"start":{"line":140,"column":20},"end":{"line":140,"column":26}},"33":{"start":{"line":142,"column":16},"end":{"line":142,"column":25}},"34":{"start":{"line":146,"column":8},"end":{"line":149,"column":9}},"35":{"start":{"line":148,"column":12},"end":{"line":148,"column":24}},"36":{"start":{"line":151,"column":8},"end":{"line":151,"column":39}},"37":{"start":{"line":176,"column":0},"end":{"line":176,"column":26}}},"fnMap":{"0":{"name":"(anonymous_0)","decl":{"start":{"line":2,"column":4},"end":{"line":2,"column":5}},"loc":{"start":{"line":2,"column":28},"end":{"line":5,"column":5}},"line":2},"1":{"name":"(anonymous_1)","decl":{"start":{"line":7,"column":4},"end":{"line":7,"column":5}},"loc":{"start":{"line":7,"column":15},"end":{"line":9,"column":5}},"line":7},"2":{"name":"(anonymous_2)","decl":{"start":{"line":25,"column":4},"end":{"line":25,"column":5}},"loc":{"start":{"line":25,"column":23},"end":{"line":27,"column":5}},"line":25},"3":{"name":"(anonymous_3)","decl":{"start":{"line":45,"column":4},"end":{"line":45,"column":5}},"loc":{"start":{"line":45,"column":23},"end":{"line":47,"column":5}},"line":45},"4":{"name":"(anonymous_4)","decl":{"start":{"line":65,"column":4},"end":{"line":65,"column":5}},"loc":{"start":{"line":65,"column":20},"end":{"line":97,"column":5}},"line":65},"5":{"name":"(anonymous_5)","decl":{"start":{"line":115,"column":4},"end":{"line":115,"column":5}},"loc":{"start":{"line":115,"column":27},"end":{"line":153,"column":5}},"line":115},"6":{"name":"(anonymous_6)","decl":{"start":{"line":171,"column":4},"end":{"line":171,"column":5}},"loc":{"start":{"line":171,"column":24},"end":{"line":173,"column":5}},"line":171}},"branchMap":{"0":{"loc":{"start":{"line":26,"column":15},"end":{"line":26,"column":69}},"type":"binary-expr","locations":[{"start":{"line":26,"column":15},"end":{"line":26,"column":40}},{"start":{"line":26,"column":44},"end":{"line":26,"column":69}}],"line":26},"1":{"loc":{"start":{"line":46,"column":15},"end":{"line":46,"column":69}},"type":"binary-expr","locations":[{"start":{"line":46,"column":15},"end":{"line":46,"column":42}},{"start":{"line":46,"column":46},"end":{"line":46,"column":69}}],"line":46},"2":{"loc":{"start":{"line":69,"column":8},"end":{"line":76,"column":9}},"type":"if","locations":[{"start":{"line":69,"column":8},"end":{"line":76,"column":9}},{"start":{"line":69,"column":8},"end":{"line":76,"column":9}}],"line":69},"3":{"loc":{"start":{"line":73,"column":13},"end":{"line":76,"column":9}},"type":"if","locations":[{"start":{"line":73,"column":13},"end":{"line":76,"column":9}},{"start":{"line":73,"column":13},"end":{"line":76,"column":9}}],"line":73},"4":{"loc":{"start":{"line":78,"column":8},"end":{"line":85,"column":9}},"type":"if","locations":[{"start":{"line":78,"column":8},"end":{"line":85,"column":9}},{"start":{"line":78,"column":8},"end":{"line":85,"column":9}}],"line":78},"5":{"loc":{"start":{"line":87,"column":8},"end":{"line":94,"column":9}},"type":"if","locations":[{"start":{"line":87,"column":8},"end":{"line":94,"column":9}},{"start":{"line":87,"column":8},"end":{"line":94,"column":9}}],"line":87},"6":{"loc":{"start":{"line":120,"column":8},"end":{"line":144,"column":9}},"type":"if","locations":[{"start":{"line":120,"column":8},"end":{"line":144,"column":9}},{"start":{"line":120,"column":8},"end":{"line":144,"column":9}}],"line":120},"7":{"loc":{"start":{"line":120,"column":11},"end":{"line":120,"column":68}},"type":"binary-expr","locations":[{"start":{"line":120,"column":11},"end":{"line":120,"column":36}},{"start":{"line":120,"column":40},"end":{"line":120,"column":68}}],"line":120},"8":{"loc":{"start":{"line":125,"column":16},"end":{"line":128,"column":17}},"type":"if","locations":[{"start":{"line":125,"column":16},"end":{"line":128,"column":17}},{"start":{"line":125,"column":16},"end":{"line":128,"column":17}}],"line":125},"9":{"loc":{"start":{"line":132,"column":13},"end":{"line":144,"column":9}},"type":"if","locations":[{"start":{"line":132,"column":13},"end":{"line":144,"column":9}},{"start":{"line":132,"column":13},"end":{"line":144,"column":9}}],"line":132},"10":{"loc":{"start":{"line":132,"column":17},"end":{"line":132,"column":73}},"type":"binary-expr","locations":[{"start":{"line":132,"column":17},"end":{"line":132,"column":42}},{"start":{"line":132,"column":46},"end":{"line":132,"column":73}}],"line":132},"11":{"loc":{"start":{"line":138,"column":16},"end":{"line":141,"column":17}},"type":"if","locations":[{"start":{"line":138,"column":16},"end":{"line":141,"column":17}},{"start":{"line":138,"column":16},"end":{"line":141,"column":17}}],"line":138},"12":{"loc":{"start":{"line":146,"column":8},"end":{"line":149,"column":9}},"type":"if","locations":[{"start":{"line":146,"column":8},"end":{"line":149,"column":9}},{"start":{"line":146,"column":8},"end":{"line":149,"column":9}}],"line":146}},"s":{"0":30,"1":30,"2":0,"3":2,"4":2,"5":4,"6":4,"7":4,"8":1,"9":3,"10":1,"11":2,"12":1,"13":1,"14":2,"15":2,"16":0,"17":2,"18":5,"19":5,"20":5,"21":2,"22":2,"23":2,"24":7,"25":1,"26":6,"27":3,"28":2,"29":2,"30":2,"31":16,"32":1,"33":15,"34":5,"35":1,"36":4,"37":1},"f":{"0":30,"1":0,"2":2,"3":2,"4":4,"5":5,"6":0},"b":{"0":[2,1],"1":[2,2],"2":[1,3],"3":[1,2],"4":[1,1],"5":[2,0],"6":[2,3],"7":[5,5],"8":[1,6],"9":[2,1],"10":[3,2],"11":[1,15],"12":[1,4]},"_coverageSchema":"43e27e138ebf9cfc5966b082cf9a028302ed4184","hash":"d74a3ec0e21bfe1a1ab05370af62c4b39de921b1"}
,"C:\\Users\\coren\\iCloudDrive\\FIPA2A\\Test\\Git\\tp-jest\\src\\math.js": {"path":"C:\\Users\\coren\\iCloudDrive\\FIPA2A\\Test\\Git\\tp-jest\\src\\math.js","statementMap":{"0":{"start":{"line":1,"column":11},"end":{"line":1,"column":13}},"1":{"start":{"line":2,"column":0},"end":{"line":16,"column":2}},"2":{"start":{"line":3,"column":4},"end":{"line":5,"column":5}},"3":{"start":{"line":4,"column":8},"end":{"line":4,"column":17}},"4":{"start":{"line":7,"column":4},"end":{"line":9,"column":5}},"5":{"start":{"line":8,"column":8},"end":{"line":8,"column":27}},"6":{"start":{"line":11,"column":4},"end":{"line":13,"column":5}},"7":{"start":{"line":12,"column":8},"end":{"line":12,"column":29}},"8":{"start":{"line":15,"column":4},"end":{"line":15,"column":37}},"9":{"start":{"line":26,"column":0},"end":{"line":37,"column":2}},"10":{"start":{"line":27,"column":4},"end":{"line":29,"column":5}},"11":{"start":{"line":28,"column":8},"end":{"line":28,"column":21}},"12":{"start":{"line":30,"column":4},"end":{"line":32,"column":5}},"13":{"start":{"line":31,"column":8},"end":{"line":31,"column":49}},"14":{"start":{"line":33,"column":4},"end":{"line":34,"column":38}},"15":{"start":{"line":33,"column":17},"end":{"line":33,"column":18}},"16":{"start":{"line":34,"column":8},"end":{"line":34,"column":38}},"17":{"start":{"line":34,"column":25},"end":{"line":34,"column":38}},"18":{"start":{"line":35,"column":4},"end":{"line":35,"column":16}},"19":{"start":{"line":49,"column":0},"end":{"line":62,"column":2}},"20":{"start":{"line":51,"column":16},"end":{"line":51,"column":17}},"21":{"start":{"line":53,"column":4},"end":{"line":59,"column":5}},"22":{"start":{"line":55,"column":8},"end":{"line":58,"column":9}},"23":{"start":{"line":57,"column":12},"end":{"line":57,"column":21}},"24":{"start":{"line":61,"column":4},"end":{"line":61,"column":17}},"25":{"start":{"line":76,"column":0},"end":{"line":95,"column":2}},"26":{"start":{"line":78,"column":18},"end":{"line":78,"column":20}},"27":{"start":{"line":80,"column":4},"end":{"line":92,"column":5}},"28":{"start":{"line":80,"column":22},"end":{"line":80,"column":23}},"29":{"start":{"line":82,"column":8},"end":{"line":90,"column":9}},"30":{"start":{"line":83,"column":12},"end":{"line":83,"column":38}},"31":{"start":{"line":84,"column":14},"end":{"line":90,"column":9}},"32":{"start":{"line":85,"column":12},"end":{"line":85,"column":34}},"33":{"start":{"line":86,"column":14},"end":{"line":90,"column":9}},"34":{"start":{"line":87,"column":12},"end":{"line":87,"column":33}},"35":{"start":{"line":89,"column":12},"end":{"line":89,"column":33}},"36":{"start":{"line":94,"column":4},"end":{"line":94,"column":19}},"37":{"start":{"line":106,"column":0},"end":{"line":123,"column":2}},"38":{"start":{"line":108,"column":18},"end":{"line":108,"column":20}},"39":{"start":{"line":110,"column":4},"end":{"line":120,"column":5}},"40":{"start":{"line":110,"column":15},"end":{"line":110,"column":16}},"41":{"start":{"line":112,"column":8},"end":{"line":119,"column":9}},"42":{"start":{"line":114,"column":12},"end":{"line":114,"column":70}},"43":{"start":{"line":118,"column":12},"end":{"line":118,"column":27}},"44":{"start":{"line":122,"column":4},"end":{"line":122,"column":20}},"45":{"start":{"line":137,"column":0},"end":{"line":141,"column":2}},"46":{"start":{"line":144,"column":0},"end":{"line":144,"column":22}}},"fnMap":{"0":{"name":"(anonymous_0)","decl":{"start":{"line":2,"column":17},"end":{"line":2,"column":18}},"loc":{"start":{"line":2,"column":24},"end":{"line":16,"column":1}},"line":2},"1":{"name":"(anonymous_1)","decl":{"start":{"line":26,"column":15},"end":{"line":26,"column":16}},"loc":{"start":{"line":26,"column":28},"end":{"line":37,"column":1}},"line":26},"2":{"name":"(anonymous_2)","decl":{"start":{"line":49,"column":16},"end":{"line":49,"column":17}},"loc":{"start":{"line":49,"column":28},"end":{"line":62,"column":1}},"line":49},"3":{"name":"(anonymous_3)","decl":{"start":{"line":76,"column":16},"end":{"line":76,"column":17}},"loc":{"start":{"line":76,"column":28},"end":{"line":95,"column":1}},"line":76},"4":{"name":"(anonymous_4)","decl":{"start":{"line":106,"column":14},"end":{"line":106,"column":15}},"loc":{"start":{"line":106,"column":32},"end":{"line":123,"column":1}},"line":106},"5":{"name":"(anonymous_5)","decl":{"start":{"line":137,"column":13},"end":{"line":137,"column":14}},"loc":{"start":{"line":137,"column":29},"end":{"line":141,"column":1}},"line":137}},"branchMap":{"0":{"loc":{"start":{"line":3,"column":4},"end":{"line":5,"column":5}},"type":"if","locations":[{"start":{"line":3,"column":4},"end":{"line":5,"column":5}},{"start":{"line":3,"column":4},"end":{"line":5,"column":5}}],"line":3},"1":{"loc":{"start":{"line":7,"column":4},"end":{"line":9,"column":5}},"type":"if","locations":[{"start":{"line":7,"column":4},"end":{"line":9,"column":5}},{"start":{"line":7,"column":4},"end":{"line":9,"column":5}}],"line":7},"2":{"loc":{"start":{"line":11,"column":4},"end":{"line":13,"column":5}},"type":"if","locations":[{"start":{"line":11,"column":4},"end":{"line":13,"column":5}},{"start":{"line":11,"column":4},"end":{"line":13,"column":5}}],"line":11},"3":{"loc":{"start":{"line":27,"column":4},"end":{"line":29,"column":5}},"type":"if","locations":[{"start":{"line":27,"column":4},"end":{"line":29,"column":5}},{"start":{"line":27,"column":4},"end":{"line":29,"column":5}}],"line":27},"4":{"loc":{"start":{"line":27,"column":8},"end":{"line":27,"column":26}},"type":"binary-expr","locations":[{"start":{"line":27,"column":8},"end":{"line":27,"column":15}},{"start":{"line":27,"column":19},"end":{"line":27,"column":26}}],"line":27},"5":{"loc":{"start":{"line":30,"column":4},"end":{"line":32,"column":5}},"type":"if","locations":[{"start":{"line":30,"column":4},"end":{"line":32,"column":5}},{"start":{"line":30,"column":4},"end":{"line":32,"column":5}}],"line":30},"6":{"loc":{"start":{"line":34,"column":8},"end":{"line":34,"column":38}},"type":"if","locations":[{"start":{"line":34,"column":8},"end":{"line":34,"column":38}},{"start":{"line":34,"column":8},"end":{"line":34,"column":38}}],"line":34},"7":{"loc":{"start":{"line":55,"column":8},"end":{"line":58,"column":9}},"type":"if","locations":[{"start":{"line":55,"column":8},"end":{"line":58,"column":9}},{"start":{"line":55,"column":8},"end":{"line":58,"column":9}}],"line":55},"8":{"loc":{"start":{"line":82,"column":8},"end":{"line":90,"column":9}},"type":"if","locations":[{"start":{"line":82,"column":8},"end":{"line":90,"column":9}},{"start":{"line":82,"column":8},"end":{"line":90,"column":9}}],"line":82},"9":{"loc":{"start":{"line":82,"column":12},"end":{"line":82,"column":46}},"type":"binary-expr","locations":[{"start":{"line":82,"column":12},"end":{"line":82,"column":27}},{"start":{"line":82,"column":31},"end":{"line":82,"column":46}}],"line":82},"10":{"loc":{"start":{"line":84,"column":14},"end":{"line":90,"column":9}},"type":"if","locations":[{"start":{"line":84,"column":14},"end":{"line":90,"column":9}},{"start":{"line":84,"column":14},"end":{"line":90,"column":9}}],"line":84},"11":{"loc":{"start":{"line":86,"column":14},"end":{"line":90,"column":9}},"type":"if","locations":[{"start":{"line":86,"column":14},"end":{"line":90,"column":9}},{"start":{"line":86,"column":14},"end":{"line":90,"column":9}}],"line":86},"12":{"loc":{"start":{"line":112,"column":8},"end":{"line":119,"column":9}},"type":"if","locations":[{"start":{"line":112,"column":8},"end":{"line":119,"column":9}},{"start":{"line":112,"column":8},"end":{"line":119,"column":9}}],"line":112}},"s":{"0":1,"1":1,"2":11,"3":3,"4":8,"5":1,"6":7,"7":1,"8":6,"9":1,"10":14,"11":2,"12":12,"13":1,"14":11,"15":11,"16":80,"17":4,"18":7,"19":1,"20":1,"21":1,"22":5,"23":3,"24":1,"25":1,"26":1,"27":1,"28":1,"29":15,"30":1,"31":14,"32":4,"33":10,"34":2,"35":8,"36":1,"37":1,"38":1,"39":1,"40":1,"41":13,"42":12,"43":1,"44":1,"45":1,"46":1},"f":{"0":11,"1":14,"2":1,"3":1,"4":1,"5":0},"b":{"0":[3,8],"1":[1,7],"2":[1,6],"3":[2,12],"4":[14,13],"5":[1,11],"6":[4,76],"7":[3,2],"8":[1,14],"9":[15,5],"10":[4,10],"11":[2,8],"12":[12,1]},"_coverageSchema":"43e27e138ebf9cfc5966b082cf9a028302ed4184","hash":"b866709f41dc0721adb9672d13d08b421ceedd18"}
}
